SF:lib/src/security/sensitive_data_encryptor.dart
DA:32,12
DA:82,3
DA:85,3
DA:86,3
DA:87,9
DA:88,6
DA:89,9
DA:90,6
DA:91,3
DA:92,9
DA:94,9
DA:95,9
DA:114,3
DA:116,3
DA:120,3
DA:121,6
DA:123,6
DA:124,3
DA:129,3
DA:130,6
DA:131,3
DA:132,6
DA:133,9
DA:135,6
DA:138,2
DA:140,2
DA:144,2
DA:145,4
DA:146,14
DA:147,0
DA:150,6
DA:151,4
DA:152,2
DA:153,4
DA:154,2
DA:155,4
DA:156,2
DA:157,2
DA:159,2
DA:161,4
DA:162,4
DA:166,2
DA:169,3
DA:170,6
DA:171,3
DA:176,3
DA:177,3
DA:178,6
DA:179,9
LF:49
LH:48
end_of_record
SF:lib/bdlogging.dart
DA:73,1
DA:74,1
DA:76,1
DA:83,1
DA:89,2
DA:90,1
DA:112,3
DA:115,2
DA:120,1
DA:121,2
DA:122,1
DA:127,1
DA:128,2
DA:133,1
DA:134,2
DA:135,2
DA:137,3
DA:138,2
DA:139,2
DA:145,1
DA:146,2
DA:155,1
DA:162,1
DA:164,0
DA:172,1
DA:173,1
DA:182,1
DA:189,1
DA:191,0
DA:199,1
DA:200,1
DA:210,1
DA:217,1
DA:219,0
DA:240,1
DA:247,1
DA:251,1
DA:259,2
DA:261,1
DA:263,1
DA:264,1
DA:265,1
DA:266,2
DA:274,1
DA:275,1
DA:276,1
DA:279,2
DA:281,2
DA:283,3
DA:285,0
DA:291,3
DA:293,2
DA:294,1
DA:297,3
DA:300,2
DA:301,1
DA:305,2
DA:308,1
DA:309,1
DA:311,2
DA:313,4
DA:315,2
DA:317,2
DA:318,2
DA:320,3
DA:322,0
DA:327,2
DA:328,1
DA:332,1
DA:333,1
DA:337,1
DA:341,2
DA:342,2
DA:344,1
DA:346,3
DA:348,2
DA:349,3
DA:350,1
DA:351,1
DA:354,1
DA:355,0
DA:362,1
DA:363,1
DA:364,1
DA:365,1
LF:85
LH:79
end_of_record
SF:lib/src/bd_cleanable_log_handler.dart
DA:6,4
LF:1
LH:1
end_of_record
SF:lib/src/bd_level.dart
DA:28,1
DA:29,3
DA:31,3
DA:32,9
DA:35,4
DA:38,4
DA:41,4
DA:44,4
LF:8
LH:8
end_of_record
SF:lib/src/bd_log_error.dart
DA:10,3
LF:1
LH:1
end_of_record
SF:lib/src/bd_log_handler.dart
DA:9,5
LF:1
LH:1
end_of_record
SF:lib/src/bd_log_record.dart
DA:11,7
DA:18,7
DA:20,7
DA:46,2
DA:49,1
DA:50,3
DA:51,3
DA:52,3
DA:53,3
DA:54,3
DA:55,0
DA:56,0
DA:58,1
DA:59,1
DA:60,1
DA:61,1
DA:62,1
DA:63,1
DA:64,1
DA:65,1
DA:68,2
DA:70,8
DA:71,6
LF:23
LH:21
end_of_record
SF:lib/src/bd_log_formatter.dart
DA:7,27
LF:1
LH:1
end_of_record
SF:lib/src/formatters/default_log_formatter.dart
DA:12,27
DA:15,15
DA:17,5
DA:19,15
DA:21,5
DA:22,5
DA:23,5
DA:24,25
DA:25,15
DA:27,5
DA:28,12
DA:30,5
DA:32,4
DA:33,12
DA:36,5
LF:15
LH:15
end_of_record
SF:lib/src/handlers/console_log_handler.dart
DA:31,1
DA:36,1
DA:39,2
DA:50,1
DA:66,1
DA:68,2
DA:71,1
DA:72,6
DA:75,1
DA:76,2
DA:82,1
DA:85,1
DA:86,1
DA:87,1
DA:88,1
DA:89,1
DA:90,1
DA:91,1
DA:92,1
DA:93,1
DA:94,1
LF:21
LH:21
end_of_record
SF:lib/src/handlers/encrypted_isolate_file_log_handler.dart
DA:34,12
DA:36,1
DA:54,0
DA:59,0
DA:65,0
DA:77,0
DA:82,0
DA:88,0
DA:95,13
DA:123,14
DA:155,1
DA:160,2
DA:161,1
DA:162,1
DA:164,1
DA:165,2
DA:166,2
DA:167,2
DA:168,2
DA:169,1
DA:183,1
DA:185,3
DA:188,1
DA:190,1
DA:191,2
DA:192,1
DA:195,1
DA:196,1
DA:197,6
DA:200,1
DA:201,1
DA:202,1
DA:205,1
DA:207,2
DA:208,1
DA:209,1
DA:211,1
DA:212,1
DA:213,1
DA:214,1
DA:218,1
DA:219,1
DA:220,1
DA:224,1
DA:227,1
DA:231,1
DA:234,2
DA:235,2
DA:240,3
DA:241,2
DA:242,1
DA:245,2
DA:246,2
DA:249,1
DA:252,1
DA:256,4
DA:259,1
DA:260,1
DA:261,3
DA:262,1
DA:266,1
DA:267,1
DA:268,1
DA:271,1
DA:272,2
DA:275,1
DA:276,2
DA:277,3
DA:278,2
DA:279,2
DA:282,1
DA:283,1
DA:286,1
DA:288,2
DA:290,2
DA:298,0
DA:299,0
DA:303,0
DA:310,1
DA:311,1
DA:315,2
DA:316,3
DA:317,1
DA:320,0
DA:323,1
DA:326,1
DA:330,1
DA:331,2
DA:332,1
DA:335,1
DA:336,1
DA:339,1
DA:340,3
DA:341,5
DA:342,4
DA:343,1
DA:347,1
LF:97
LH:87
end_of_record
SF:lib/src/handlers/file_log_handler.dart
DA:67,3
DA:79,6
DA:83,6
DA:87,6
DA:133,1
DA:134,2
DA:136,3
DA:138,9
DA:140,3
DA:143,12
DA:145,6
DA:146,1
DA:148,1
DA:151,12
DA:155,1
DA:157,2
DA:158,2
DA:160,2
DA:162,3
DA:163,1
DA:168,1
DA:170,3
DA:171,2
DA:173,1
DA:176,3
DA:180,1
DA:181,3
DA:182,1
DA:187,3
DA:189,6
DA:190,6
DA:191,3
DA:199,3
DA:201,3
DA:202,1
DA:205,3
DA:207,6
DA:209,3
DA:215,3
DA:217,3
DA:219,6
DA:223,5
DA:224,4
DA:226,4
DA:227,1
DA:229,1
DA:230,1
DA:239,3
DA:242,9
DA:244,12
DA:246,6
DA:252,1
DA:254,2
DA:255,1
DA:256,2
DA:259,1
DA:260,2
DA:266,1
DA:275,1
DA:277,1
DA:279,1
DA:286,1
DA:289,3
DA:291,1
DA:297,3
DA:299,3
DA:302,1
DA:304,1
DA:306,1
DA:307,2
LF:70
LH:70
end_of_record
SF:lib/src/handlers/isolate_file_log_handler.dart
DA:51,2
DA:63,4
DA:65,4
DA:69,4
DA:72,4
DA:76,1
DA:81,1
DA:130,1
DA:131,1
DA:135,0
DA:136,0
DA:140,1
DA:142,1
DA:147,1
DA:149,2
DA:150,3
DA:154,2
DA:156,4
DA:159,2
DA:160,2
DA:161,2
DA:162,2
DA:163,2
DA:164,4
DA:166,2
DA:168,6
DA:169,2
DA:170,2
DA:173,2
DA:174,2
DA:176,4
DA:177,4
DA:178,2
DA:179,2
DA:182,4
DA:183,0
DA:186,2
DA:201,2
DA:206,2
DA:207,2
DA:208,2
DA:209,2
DA:211,2
DA:222,2
DA:226,2
DA:227,2
DA:228,2
DA:229,2
DA:230,2
DA:231,2
DA:233,10
DA:239,2
DA:240,2
DA:247,2
DA:248,4
DA:249,4
DA:250,4
DA:251,4
DA:252,4
DA:253,2
DA:255,6
DA:256,4
DA:268,1
DA:273,1
DA:275,1
DA:280,1
DA:284,1
DA:285,2
DA:287,2
DA:291,4
DA:292,2
DA:294,4
DA:295,2
DA:297,4
DA:299,0
DA:300,0
DA:301,0
DA:304,4
DA:314,1
DA:316,2
DA:330,1
DA:332,2
DA:335,1
DA:336,3
DA:337,1
DA:342,1
DA:346,1
DA:347,2
DA:348,2
DA:353,1
DA:355,0
DA:360,1
DA:361,1
DA:362,2
DA:363,1
DA:365,1
DA:371,2
DA:372,2
DA:374,2
DA:378,1
DA:383,1
DA:387,1
DA:389,1
DA:393,1
DA:394,1
DA:397,1
DA:398,1
DA:406,2
DA:407,2
DA:418,2
DA:419,4
DA:420,8
DA:421,6
DA:422,2
DA:423,2
DA:424,2
DA:425,2
DA:426,2
DA:427,2
DA:429,0
DA:431,2
DA:432,2
DA:433,4
DA:435,4
DA:436,4
DA:447,2
DA:448,4
DA:449,2
DA:450,2
DA:451,2
DA:452,2
DA:453,4
DA:455,2
DA:458,2
DA:459,2
DA:460,0
DA:462,4
DA:465,2
DA:466,4
DA:469,2
DA:472,4
DA:473,4
DA:474,4
DA:475,2
DA:481,2
DA:492,2
LF:146
LH:137
end_of_record
SF:lib/src/security/sensitive_data_matcher.dart
DA:7,2
DA:22,1
DA:29,2
DA:41,2
DA:47,6
DA:48,2
DA:49,2
DA:55,2
DA:56,2
DA:62,2
DA:63,2
DA:69,2
DA:70,2
DA:78,2
DA:79,2
DA:88,2
DA:89,2
DA:95,2
DA:96,2
DA:101,2
DA:102,2
DA:110,2
DA:112,2
DA:113,8
DA:114,6
DA:115,4
DA:116,4
DA:117,4
DA:118,4
DA:123,4
DA:124,6
DA:125,2
DA:128,3
DA:134,2
DA:135,2
DA:136,2
DA:138,2
DA:141,2
DA:142,2
DA:143,2
DA:145,2
DA:148,2
DA:149,2
DA:150,2
DA:152,0
DA:154,2
DA:155,2
DA:156,0
DA:158,4
DA:161,2
DA:162,2
DA:163,2
DA:164,0
DA:166,2
DA:168,0
DA:170,4
LF:56
LH:52
end_of_record
